==============================================================================
Suites                                                                        
==============================================================================
Suites.Admin Testcase                                                         
==============================================================================
VALID USERNAME EMPTY PASSWORD                                         | PASS |
------------------------------------------------------------------------------
EMPTY USERNAME VALID PASSWORD                                         | PASS |
------------------------------------------------------------------------------
VALID USERNAME INVALID PASSWORD                                       | PASS |
------------------------------------------------------------------------------
INVALID PASSWORD VALID USERNAME                                       | PASS |
------------------------------------------------------------------------------
INVALID USERNAME INVALID PASSWORD                                     | PASS |
------------------------------------------------------------------------------
Suites.Admin Testcase                                                 | PASS |
5 tests, 5 passed, 0 failed
==============================================================================
Suites                                                                | PASS |
5 tests, 5 passed, 0 failed
==============================================================================
Output:  C:\Users\Admin\PycharmProjects\Robotautomation\pabot_results\1\output.xml
